<?xml version="1.0" encoding="UTF-8"?>
<!-- Generated by org.testng.reporters.JUnitXMLReporter -->
<testsuite hostname="LTIN135783" ignored="0" name="Test" tests="3" failures="1" timestamp="2020-07-13T22:34:24 IST" time="165.89" errors="0">
  <testcase name="feature" time="21.326" classname="cucumber.api.testng.AbstractTestNGCucumberTests">
    <failure type="cucumber.runtime.CucumberException" message="java.lang.AssertionError: expected [Abarth 595C Review, For Sale, Price &amp;amp; Specs | CarsGuide@@] but found [Abarth 595C Review, For Sale, Price &amp;amp; Specs | CarsGuide]">
      <![CDATA[cucumber.runtime.CucumberException: java.lang.AssertionError: expected [Abarth 595C Review, For Sale, Price & Specs | CarsGuide@@] but found [Abarth 595C Review, For Sale, Price & Specs | CarsGuide]
at cucumber.api.testng.TestNGCucumberRunner.runCucumber(TestNGCucumberRunner.java:69)
at cucumber.api.testng.AbstractTestNGCucumberTests.feature(AbstractTestNGCucumberTests.java:21)
at java.util.ArrayList.forEach(Unknown Source)
Caused by: java.lang.AssertionError: expected [Abarth 595C Review, For Sale, Price & Specs | CarsGuide@@] but found [Abarth 595C Review, For Sale, Price & Specs | CarsGuide]
at stepDefinations.CarShortListing.verify_title_as(CarShortListing.java:36)
at âœ½.And Verify title as "Abarth 595C Review, For Sale, Price & Specs | CarsGuide@@"(CarShortListing.feature:9)
... Removed 32 stack frames]]>
    </failure>
  </testcase> <!-- feature -->
  <testcase name="feature" time="51.333" classname="cucumber.api.testng.AbstractTestNGCucumberTests"/>
  <testcase name="feature" time="92.618" classname="cucumber.api.testng.AbstractTestNGCucumberTests"/>
</testsuite> <!-- Test -->
